<?xml version="1.0" encoding="UTF-8"?>
<!-- Generated by org.testng.reporters.JUnitXMLReporter -->
<testsuite ignored="0" hostname="Dell" failures="0" tests="4" name="Default test" time="3.454" errors="0" timestamp="2023-10-04T22:52:19 IST">
  <testcase classname="PKG1.DynamicJson" name="addBookPost" time="2.601"/>
  <testcase classname="PKG1.DynamicJson" name="addBookPost" time="0.251"/>
  <testcase classname="PKG1.DynamicJson" name="addBookPost" time="0.267"/>
  <testcase classname="PKG1.DynamicJson" name="addBookPost" time="0.256"/>
</testsuite> <!-- Default test -->
