<?xml version="1.0" encoding="UTF-8"?>
<testng-results ignored="0" total="4" passed="4" failed="0" skipped="0">
  <reporter-output>
  </reporter-output>
  <suite started-at="2023-10-04T22:52:16 IST" name="Default suite" finished-at="2023-10-04T22:52:19 IST" duration-ms="3454">
    <groups>
    </groups>
    <test started-at="2023-10-04T22:52:16 IST" name="Default test" finished-at="2023-10-04T22:52:19 IST" duration-ms="3454">
      <class name="PKG1.DynamicJson">
        <test-method signature="addBookPost(java.lang.String,java.lang.String)[pri:0, instance:PKG1.DynamicJson@209da20d]" started-at="2023-10-04T22:52:16 IST" name="addBookPost" data-provider="BooksData" finished-at="2023-10-04T22:52:18 IST" duration-ms="2601" status="PASS">
          <params>
            <param index="0">
              <value>
                <![CDATA[asd]]>
              </value>
            </param>
            <param index="1">
              <value>
                <![CDATA[123]]>
              </value>
            </param>
          </params>
          <reporter-output>
          </reporter-output>
        </test-method> <!-- addBookPost -->
        <test-method signature="addBookPost(java.lang.String,java.lang.String)[pri:0, instance:PKG1.DynamicJson@209da20d]" started-at="2023-10-04T22:52:18 IST" name="addBookPost" data-provider="BooksData" finished-at="2023-10-04T22:52:19 IST" duration-ms="251" status="PASS">
          <params>
            <param index="0">
              <value>
                <![CDATA[qwe]]>
              </value>
            </param>
            <param index="1">
              <value>
                <![CDATA[231]]>
              </value>
            </param>
          </params>
          <reporter-output>
          </reporter-output>
        </test-method> <!-- addBookPost -->
        <test-method signature="addBookPost(java.lang.String,java.lang.String)[pri:0, instance:PKG1.DynamicJson@209da20d]" started-at="2023-10-04T22:52:19 IST" name="addBookPost" data-provider="BooksData" finished-at="2023-10-04T22:52:19 IST" duration-ms="267" status="PASS">
          <params>
            <param index="0">
              <value>
                <![CDATA[wed]]>
              </value>
            </param>
            <param index="1">
              <value>
                <![CDATA[143]]>
              </value>
            </param>
          </params>
          <reporter-output>
          </reporter-output>
        </test-method> <!-- addBookPost -->
        <test-method signature="addBookPost(java.lang.String,java.lang.String)[pri:0, instance:PKG1.DynamicJson@209da20d]" started-at="2023-10-04T22:52:19 IST" name="addBookPost" data-provider="BooksData" finished-at="2023-10-04T22:52:19 IST" duration-ms="256" status="PASS">
          <params>
            <param index="0">
              <value>
                <![CDATA[awe]]>
              </value>
            </param>
            <param index="1">
              <value>
                <![CDATA[134]]>
              </value>
            </param>
          </params>
          <reporter-output>
          </reporter-output>
        </test-method> <!-- addBookPost -->
      </class> <!-- PKG1.DynamicJson -->
    </test> <!-- Default test -->
  </suite> <!-- Default suite -->
</testng-results>
